2024-12-22 09:15:50,561 [Worker-7: Loading available Gradle versions] INFO  o.e.b.c.i.u.g.PublishedGradleVersions - Gradle version information cache is not available. Remote download required.
2024-12-22 09:16:40,440 [Worker-3: Launching mavenrun-ce219ef2-7af4-45f3-895f-e7cea94d303e] INFO  o.eclipse.m2e.core.internal.Bundles - getClasspathEntries(Bundle=org.eclipse.m2e.maven.runtime_3.9.900.20240824-1409 [641])
2024-12-22 09:16:40,446 [Worker-3: Launching mavenrun-ce219ef2-7af4-45f3-895f-e7cea94d303e] INFO  o.eclipse.m2e.core.internal.Bundles - 	Entry: C:\Users\dac.STUDENTSDC\Downloads\eclipse-jee-2024-12-R-win32-x86_64\eclipse\plugins\org.eclipse.m2e.maven.runtime_3.9.900.20240824-1409
2024-12-22 09:16:40,446 [Worker-3: Launching mavenrun-ce219ef2-7af4-45f3-895f-e7cea94d303e] INFO  o.eclipse.m2e.core.internal.Bundles - 	Entry: C:\Users\dac.STUDENTSDC\Downloads\eclipse-jee-2024-12-R-win32-x86_64\eclipse\plugins\org.eclipse.m2e.maven.runtime_3.9.900.20240824-1409\jars\aopalliance-1.0.jar
2024-12-22 09:16:40,446 [Worker-3: Launching mavenrun-ce219ef2-7af4-45f3-895f-e7cea94d303e] INFO  o.eclipse.m2e.core.internal.Bundles - 	Entry: C:\Users\dac.STUDENTSDC\Downloads\eclipse-jee-2024-12-R-win32-x86_64\eclipse\plugins\org.eclipse.m2e.maven.runtime_3.9.900.20240824-1409\jars\guice-5.1.0.jar
2024-12-22 09:16:40,447 [Worker-3: Launching mavenrun-ce219ef2-7af4-45f3-895f-e7cea94d303e] INFO  o.eclipse.m2e.core.internal.Bundles - 	Entry: C:\Users\dac.STUDENTSDC\Downloads\eclipse-jee-2024-12-R-win32-x86_64\eclipse\plugins\org.eclipse.m2e.maven.runtime_3.9.900.20240824-1409\jars\httpclient-4.5.14.jar
2024-12-22 09:16:40,447 [Worker-3: Launching mavenrun-ce219ef2-7af4-45f3-895f-e7cea94d303e] INFO  o.eclipse.m2e.core.internal.Bundles - 	Entry: C:\Users\dac.STUDENTSDC\Downloads\eclipse-jee-2024-12-R-win32-x86_64\eclipse\plugins\org.eclipse.m2e.maven.runtime_3.9.900.20240824-1409\jars\httpcore-4.4.16.jar
2024-12-22 09:16:40,447 [Worker-3: Launching mavenrun-ce219ef2-7af4-45f3-895f-e7cea94d303e] INFO  o.eclipse.m2e.core.internal.Bundles - 	Entry: C:\Users\dac.STUDENTSDC\Downloads\eclipse-jee-2024-12-R-win32-x86_64\eclipse\plugins\org.eclipse.m2e.maven.runtime_3.9.900.20240824-1409\jars\jansi-2.4.1.jar
2024-12-22 09:16:40,447 [Worker-3: Launching mavenrun-ce219ef2-7af4-45f3-895f-e7cea94d303e] INFO  o.eclipse.m2e.core.internal.Bundles - 	Entry: C:\Users\dac.STUDENTSDC\Downloads\eclipse-jee-2024-12-R-win32-x86_64\eclipse\plugins\org.eclipse.m2e.maven.runtime_3.9.900.20240824-1409\jars\jcl-over-slf4j-1.7.36.jar
2024-12-22 09:16:40,447 [Worker-3: Launching mavenrun-ce219ef2-7af4-45f3-895f-e7cea94d303e] INFO  o.eclipse.m2e.core.internal.Bundles - 	Entry: C:\Users\dac.STUDENTSDC\Downloads\eclipse-jee-2024-12-R-win32-x86_64\eclipse\plugins\org.eclipse.m2e.maven.runtime_3.9.900.20240824-1409\jars\maven-artifact-3.9.9.jar
2024-12-22 09:16:40,447 [Worker-3: Launching mavenrun-ce219ef2-7af4-45f3-895f-e7cea94d303e] INFO  o.eclipse.m2e.core.internal.Bundles - 	Entry: C:\Users\dac.STUDENTSDC\Downloads\eclipse-jee-2024-12-R-win32-x86_64\eclipse\plugins\org.eclipse.m2e.maven.runtime_3.9.900.20240824-1409\jars\maven-builder-support-3.9.9.jar
2024-12-22 09:16:40,448 [Worker-3: Launching mavenrun-ce219ef2-7af4-45f3-895f-e7cea94d303e] INFO  o.eclipse.m2e.core.internal.Bundles - 	Entry: C:\Users\dac.STUDENTSDC\Downloads\eclipse-jee-2024-12-R-win32-x86_64\eclipse\plugins\org.eclipse.m2e.maven.runtime_3.9.900.20240824-1409\jars\maven-compat-3.9.9.jar
2024-12-22 09:16:40,448 [Worker-3: Launching mavenrun-ce219ef2-7af4-45f3-895f-e7cea94d303e] INFO  o.eclipse.m2e.core.internal.Bundles - 	Entry: C:\Users\dac.STUDENTSDC\Downloads\eclipse-jee-2024-12-R-win32-x86_64\eclipse\plugins\org.eclipse.m2e.maven.runtime_3.9.900.20240824-1409\jars\maven-core-3.9.9.jar
2024-12-22 09:16:40,448 [Worker-3: Launching mavenrun-ce219ef2-7af4-45f3-895f-e7cea94d303e] INFO  o.eclipse.m2e.core.internal.Bundles - 	Entry: C:\Users\dac.STUDENTSDC\Downloads\eclipse-jee-2024-12-R-win32-x86_64\eclipse\plugins\org.eclipse.m2e.maven.runtime_3.9.900.20240824-1409\jars\maven-embedder-3.9.9.jar
2024-12-22 09:16:40,448 [Worker-3: Launching mavenrun-ce219ef2-7af4-45f3-895f-e7cea94d303e] INFO  o.eclipse.m2e.core.internal.Bundles - 	Entry: C:\Users\dac.STUDENTSDC\Downloads\eclipse-jee-2024-12-R-win32-x86_64\eclipse\plugins\org.eclipse.m2e.maven.runtime_3.9.900.20240824-1409\jars\maven-model-3.9.9.jar
2024-12-22 09:16:40,448 [Worker-3: Launching mavenrun-ce219ef2-7af4-45f3-895f-e7cea94d303e] INFO  o.eclipse.m2e.core.internal.Bundles - 	Entry: C:\Users\dac.STUDENTSDC\Downloads\eclipse-jee-2024-12-R-win32-x86_64\eclipse\plugins\org.eclipse.m2e.maven.runtime_3.9.900.20240824-1409\jars\maven-model-builder-3.9.9.jar
2024-12-22 09:16:40,448 [Worker-3: Launching mavenrun-ce219ef2-7af4-45f3-895f-e7cea94d303e] INFO  o.eclipse.m2e.core.internal.Bundles - 	Entry: C:\Users\dac.STUDENTSDC\Downloads\eclipse-jee-2024-12-R-win32-x86_64\eclipse\plugins\org.eclipse.m2e.maven.runtime_3.9.900.20240824-1409\jars\maven-plugin-api-3.9.9.jar
2024-12-22 09:16:40,448 [Worker-3: Launching mavenrun-ce219ef2-7af4-45f3-895f-e7cea94d303e] INFO  o.eclipse.m2e.core.internal.Bundles - 	Entry: C:\Users\dac.STUDENTSDC\Downloads\eclipse-jee-2024-12-R-win32-x86_64\eclipse\plugins\org.eclipse.m2e.maven.runtime_3.9.900.20240824-1409\jars\maven-repository-metadata-3.9.9.jar
2024-12-22 09:16:40,449 [Worker-3: Launching mavenrun-ce219ef2-7af4-45f3-895f-e7cea94d303e] INFO  o.eclipse.m2e.core.internal.Bundles - 	Entry: C:\Users\dac.STUDENTSDC\Downloads\eclipse-jee-2024-12-R-win32-x86_64\eclipse\plugins\org.eclipse.m2e.maven.runtime_3.9.900.20240824-1409\jars\maven-resolver-api-1.9.22.jar
2024-12-22 09:16:40,449 [Worker-3: Launching mavenrun-ce219ef2-7af4-45f3-895f-e7cea94d303e] INFO  o.eclipse.m2e.core.internal.Bundles - 	Entry: C:\Users\dac.STUDENTSDC\Downloads\eclipse-jee-2024-12-R-win32-x86_64\eclipse\plugins\org.eclipse.m2e.maven.runtime_3.9.900.20240824-1409\jars\maven-resolver-connector-basic-1.9.22.jar
2024-12-22 09:16:40,449 [Worker-3: Launching mavenrun-ce219ef2-7af4-45f3-895f-e7cea94d303e] INFO  o.eclipse.m2e.core.internal.Bundles - 	Entry: C:\Users\dac.STUDENTSDC\Downloads\eclipse-jee-2024-12-R-win32-x86_64\eclipse\plugins\org.eclipse.m2e.maven.runtime_3.9.900.20240824-1409\jars\maven-resolver-impl-1.9.22.jar
2024-12-22 09:16:40,449 [Worker-3: Launching mavenrun-ce219ef2-7af4-45f3-895f-e7cea94d303e] INFO  o.eclipse.m2e.core.internal.Bundles - 	Entry: C:\Users\dac.STUDENTSDC\Downloads\eclipse-jee-2024-12-R-win32-x86_64\eclipse\plugins\org.eclipse.m2e.maven.runtime_3.9.900.20240824-1409\jars\maven-resolver-named-locks-1.9.22.jar
2024-12-22 09:16:40,449 [Worker-3: Launching mavenrun-ce219ef2-7af4-45f3-895f-e7cea94d303e] INFO  o.eclipse.m2e.core.internal.Bundles - 	Entry: C:\Users\dac.STUDENTSDC\Downloads\eclipse-jee-2024-12-R-win32-x86_64\eclipse\plugins\org.eclipse.m2e.maven.runtime_3.9.900.20240824-1409\jars\maven-resolver-provider-3.9.9.jar
2024-12-22 09:16:40,449 [Worker-3: Launching mavenrun-ce219ef2-7af4-45f3-895f-e7cea94d303e] INFO  o.eclipse.m2e.core.internal.Bundles - 	Entry: C:\Users\dac.STUDENTSDC\Downloads\eclipse-jee-2024-12-R-win32-x86_64\eclipse\plugins\org.eclipse.m2e.maven.runtime_3.9.900.20240824-1409\jars\maven-resolver-spi-1.9.22.jar
2024-12-22 09:16:40,449 [Worker-3: Launching mavenrun-ce219ef2-7af4-45f3-895f-e7cea94d303e] INFO  o.eclipse.m2e.core.internal.Bundles - 	Entry: C:\Users\dac.STUDENTSDC\Downloads\eclipse-jee-2024-12-R-win32-x86_64\eclipse\plugins\org.eclipse.m2e.maven.runtime_3.9.900.20240824-1409\jars\maven-resolver-transport-file-1.9.22.jar
2024-12-22 09:16:40,450 [Worker-3: Launching mavenrun-ce219ef2-7af4-45f3-895f-e7cea94d303e] INFO  o.eclipse.m2e.core.internal.Bundles - 	Entry: C:\Users\dac.STUDENTSDC\Downloads\eclipse-jee-2024-12-R-win32-x86_64\eclipse\plugins\org.eclipse.m2e.maven.runtime_3.9.900.20240824-1409\jars\maven-resolver-transport-http-1.9.22.jar
2024-12-22 09:16:40,450 [Worker-3: Launching mavenrun-ce219ef2-7af4-45f3-895f-e7cea94d303e] INFO  o.eclipse.m2e.core.internal.Bundles - 	Entry: C:\Users\dac.STUDENTSDC\Downloads\eclipse-jee-2024-12-R-win32-x86_64\eclipse\plugins\org.eclipse.m2e.maven.runtime_3.9.900.20240824-1409\jars\maven-resolver-transport-wagon-1.9.22.jar
2024-12-22 09:16:40,450 [Worker-3: Launching mavenrun-ce219ef2-7af4-45f3-895f-e7cea94d303e] INFO  o.eclipse.m2e.core.internal.Bundles - 	Entry: C:\Users\dac.STUDENTSDC\Downloads\eclipse-jee-2024-12-R-win32-x86_64\eclipse\plugins\org.eclipse.m2e.maven.runtime_3.9.900.20240824-1409\jars\maven-resolver-util-1.9.22.jar
2024-12-22 09:16:40,450 [Worker-3: Launching mavenrun-ce219ef2-7af4-45f3-895f-e7cea94d303e] INFO  o.eclipse.m2e.core.internal.Bundles - 	Entry: C:\Users\dac.STUDENTSDC\Downloads\eclipse-jee-2024-12-R-win32-x86_64\eclipse\plugins\org.eclipse.m2e.maven.runtime_3.9.900.20240824-1409\jars\maven-settings-3.9.9.jar
2024-12-22 09:16:40,450 [Worker-3: Launching mavenrun-ce219ef2-7af4-45f3-895f-e7cea94d303e] INFO  o.eclipse.m2e.core.internal.Bundles - 	Entry: C:\Users\dac.STUDENTSDC\Downloads\eclipse-jee-2024-12-R-win32-x86_64\eclipse\plugins\org.eclipse.m2e.maven.runtime_3.9.900.20240824-1409\jars\maven-settings-builder-3.9.9.jar
2024-12-22 09:16:40,450 [Worker-3: Launching mavenrun-ce219ef2-7af4-45f3-895f-e7cea94d303e] INFO  o.eclipse.m2e.core.internal.Bundles - 	Entry: C:\Users\dac.STUDENTSDC\Downloads\eclipse-jee-2024-12-R-win32-x86_64\eclipse\plugins\org.eclipse.m2e.maven.runtime_3.9.900.20240824-1409\jars\maven-shared-utils-3.4.2.jar
2024-12-22 09:16:40,450 [Worker-3: Launching mavenrun-ce219ef2-7af4-45f3-895f-e7cea94d303e] INFO  o.eclipse.m2e.core.internal.Bundles - 	Entry: C:\Users\dac.STUDENTSDC\Downloads\eclipse-jee-2024-12-R-win32-x86_64\eclipse\plugins\org.eclipse.m2e.maven.runtime_3.9.900.20240824-1409\jars\org.eclipse.sisu.inject-0.9.0.M3.jar
2024-12-22 09:16:40,451 [Worker-3: Launching mavenrun-ce219ef2-7af4-45f3-895f-e7cea94d303e] INFO  o.eclipse.m2e.core.internal.Bundles - 	Entry: C:\Users\dac.STUDENTSDC\Downloads\eclipse-jee-2024-12-R-win32-x86_64\eclipse\plugins\org.eclipse.m2e.maven.runtime_3.9.900.20240824-1409\jars\org.eclipse.sisu.plexus-0.9.0.M3.jar
2024-12-22 09:16:40,451 [Worker-3: Launching mavenrun-ce219ef2-7af4-45f3-895f-e7cea94d303e] INFO  o.eclipse.m2e.core.internal.Bundles - 	Entry: C:\Users\dac.STUDENTSDC\Downloads\eclipse-jee-2024-12-R-win32-x86_64\eclipse\plugins\org.eclipse.m2e.maven.runtime_3.9.900.20240824-1409\jars\plexus-build-api-0.0.7.jar
2024-12-22 09:16:40,451 [Worker-3: Launching mavenrun-ce219ef2-7af4-45f3-895f-e7cea94d303e] INFO  o.eclipse.m2e.core.internal.Bundles - 	Entry: C:\Users\dac.STUDENTSDC\Downloads\eclipse-jee-2024-12-R-win32-x86_64\eclipse\plugins\org.eclipse.m2e.maven.runtime_3.9.900.20240824-1409\jars\plexus-build-api-1.2.0.jar
2024-12-22 09:16:40,451 [Worker-3: Launching mavenrun-ce219ef2-7af4-45f3-895f-e7cea94d303e] INFO  o.eclipse.m2e.core.internal.Bundles - 	Entry: C:\Users\dac.STUDENTSDC\Downloads\eclipse-jee-2024-12-R-win32-x86_64\eclipse\plugins\org.eclipse.m2e.maven.runtime_3.9.900.20240824-1409\jars\plexus-cipher-2.0.jar
2024-12-22 09:16:40,451 [Worker-3: Launching mavenrun-ce219ef2-7af4-45f3-895f-e7cea94d303e] INFO  o.eclipse.m2e.core.internal.Bundles - 	Entry: C:\Users\dac.STUDENTSDC\Downloads\eclipse-jee-2024-12-R-win32-x86_64\eclipse\plugins\org.eclipse.m2e.maven.runtime_3.9.900.20240824-1409\jars\plexus-classworlds-2.8.0.jar
2024-12-22 09:16:40,452 [Worker-3: Launching mavenrun-ce219ef2-7af4-45f3-895f-e7cea94d303e] INFO  o.eclipse.m2e.core.internal.Bundles - 	Entry: C:\Users\dac.STUDENTSDC\Downloads\eclipse-jee-2024-12-R-win32-x86_64\eclipse\plugins\org.eclipse.m2e.maven.runtime_3.9.900.20240824-1409\jars\plexus-component-annotations-2.1.0.jar
2024-12-22 09:16:40,452 [Worker-3: Launching mavenrun-ce219ef2-7af4-45f3-895f-e7cea94d303e] INFO  o.eclipse.m2e.core.internal.Bundles - 	Entry: C:\Users\dac.STUDENTSDC\Downloads\eclipse-jee-2024-12-R-win32-x86_64\eclipse\plugins\org.eclipse.m2e.maven.runtime_3.9.900.20240824-1409\jars\plexus-interpolation-1.27.jar
2024-12-22 09:16:40,452 [Worker-3: Launching mavenrun-ce219ef2-7af4-45f3-895f-e7cea94d303e] INFO  o.eclipse.m2e.core.internal.Bundles - 	Entry: C:\Users\dac.STUDENTSDC\Downloads\eclipse-jee-2024-12-R-win32-x86_64\eclipse\plugins\org.eclipse.m2e.maven.runtime_3.9.900.20240824-1409\jars\plexus-sec-dispatcher-2.0.jar
2024-12-22 09:16:40,452 [Worker-3: Launching mavenrun-ce219ef2-7af4-45f3-895f-e7cea94d303e] INFO  o.eclipse.m2e.core.internal.Bundles - 	Entry: C:\Users\dac.STUDENTSDC\Downloads\eclipse-jee-2024-12-R-win32-x86_64\eclipse\plugins\org.eclipse.m2e.maven.runtime_3.9.900.20240824-1409\jars\plexus-utils-3.5.1.jar
2024-12-22 09:16:40,452 [Worker-3: Launching mavenrun-ce219ef2-7af4-45f3-895f-e7cea94d303e] INFO  o.eclipse.m2e.core.internal.Bundles - 	Entry: C:\Users\dac.STUDENTSDC\Downloads\eclipse-jee-2024-12-R-win32-x86_64\eclipse\plugins\org.eclipse.m2e.maven.runtime_3.9.900.20240824-1409\jars\plexus-xml-3.0.1.jar
2024-12-22 09:16:40,453 [Worker-3: Launching mavenrun-ce219ef2-7af4-45f3-895f-e7cea94d303e] INFO  o.eclipse.m2e.core.internal.Bundles - 	Entry: C:\Users\dac.STUDENTSDC\Downloads\eclipse-jee-2024-12-R-win32-x86_64\eclipse\plugins\org.eclipse.m2e.maven.runtime_3.9.900.20240824-1409\jars\wagon-file-3.5.3.jar
2024-12-22 09:16:40,453 [Worker-3: Launching mavenrun-ce219ef2-7af4-45f3-895f-e7cea94d303e] INFO  o.eclipse.m2e.core.internal.Bundles - 	Entry: C:\Users\dac.STUDENTSDC\Downloads\eclipse-jee-2024-12-R-win32-x86_64\eclipse\plugins\org.eclipse.m2e.maven.runtime_3.9.900.20240824-1409\jars\wagon-http-3.5.3.jar
2024-12-22 09:16:40,453 [Worker-3: Launching mavenrun-ce219ef2-7af4-45f3-895f-e7cea94d303e] INFO  o.eclipse.m2e.core.internal.Bundles - 	Entry: C:\Users\dac.STUDENTSDC\Downloads\eclipse-jee-2024-12-R-win32-x86_64\eclipse\plugins\org.eclipse.m2e.maven.runtime_3.9.900.20240824-1409\jars\wagon-http-shared-3.5.3.jar
2024-12-22 09:16:40,453 [Worker-3: Launching mavenrun-ce219ef2-7af4-45f3-895f-e7cea94d303e] INFO  o.eclipse.m2e.core.internal.Bundles - 	Entry: C:\Users\dac.STUDENTSDC\Downloads\eclipse-jee-2024-12-R-win32-x86_64\eclipse\plugins\org.eclipse.m2e.maven.runtime_3.9.900.20240824-1409\jars\wagon-provider-api-3.5.3.jar
2024-12-22 09:16:40,458 [Worker-3: Launching mavenrun-ce219ef2-7af4-45f3-895f-e7cea94d303e] INFO  o.eclipse.m2e.core.internal.Bundles - getClasspathEntries(Bundle=com.google.guava_33.3.1.jre [16])
2024-12-22 09:16:40,459 [Worker-3: Launching mavenrun-ce219ef2-7af4-45f3-895f-e7cea94d303e] INFO  o.eclipse.m2e.core.internal.Bundles - 	Entry: C:\Users\dac.STUDENTSDC\Downloads\eclipse-jee-2024-12-R-win32-x86_64\eclipse\plugins\com.google.guava_33.3.1.jre.jar
2024-12-22 09:16:40,459 [Worker-3: Launching mavenrun-ce219ef2-7af4-45f3-895f-e7cea94d303e] INFO  o.eclipse.m2e.core.internal.Bundles - getClasspathEntries(Bundle=slf4j.api_2.0.16 [1008])
2024-12-22 09:16:40,459 [Worker-3: Launching mavenrun-ce219ef2-7af4-45f3-895f-e7cea94d303e] INFO  o.eclipse.m2e.core.internal.Bundles - 	Entry: C:\Users\dac.STUDENTSDC\Downloads\eclipse-jee-2024-12-R-win32-x86_64\eclipse\plugins\slf4j.api_2.0.16.jar
2024-12-22 09:16:40,459 [Worker-3: Launching mavenrun-ce219ef2-7af4-45f3-895f-e7cea94d303e] INFO  o.eclipse.m2e.core.internal.Bundles - getClasspathEntries(Bundle=jakarta.inject.jakarta.inject-api_1.0.5 [34])
2024-12-22 09:16:40,460 [Worker-3: Launching mavenrun-ce219ef2-7af4-45f3-895f-e7cea94d303e] INFO  o.eclipse.m2e.core.internal.Bundles - 	Entry: C:\Users\dac.STUDENTSDC\Downloads\eclipse-jee-2024-12-R-win32-x86_64\eclipse\plugins\jakarta.inject.jakarta.inject-api_1.0.5.jar
2024-12-22 09:16:40,460 [Worker-3: Launching mavenrun-ce219ef2-7af4-45f3-895f-e7cea94d303e] INFO  o.eclipse.m2e.core.internal.Bundles - getClasspathEntries(Bundle=jakarta.annotation-api_1.3.5 [29])
2024-12-22 09:16:40,460 [Worker-3: Launching mavenrun-ce219ef2-7af4-45f3-895f-e7cea94d303e] INFO  o.eclipse.m2e.core.internal.Bundles - 	Entry: C:\Users\dac.STUDENTSDC\Downloads\eclipse-jee-2024-12-R-win32-x86_64\eclipse\plugins\jakarta.annotation-api_1.3.5.jar
2024-12-22 09:16:40,460 [Worker-3: Launching mavenrun-ce219ef2-7af4-45f3-895f-e7cea94d303e] INFO  o.eclipse.m2e.core.internal.Bundles - getClasspathEntries(Bundle=org.apache.commons.cli_1.9.0 [75])
2024-12-22 09:16:40,461 [Worker-3: Launching mavenrun-ce219ef2-7af4-45f3-895f-e7cea94d303e] INFO  o.eclipse.m2e.core.internal.Bundles - 	Entry: C:\Users\dac.STUDENTSDC\Downloads\eclipse-jee-2024-12-R-win32-x86_64\eclipse\plugins\org.apache.commons.cli_1.9.0.jar
2024-12-22 09:16:40,461 [Worker-3: Launching mavenrun-ce219ef2-7af4-45f3-895f-e7cea94d303e] INFO  o.eclipse.m2e.core.internal.Bundles - getClasspathEntries(Bundle=org.apache.commons.commons-codec_1.16.0 [78])
2024-12-22 09:16:40,461 [Worker-3: Launching mavenrun-ce219ef2-7af4-45f3-895f-e7cea94d303e] INFO  o.eclipse.m2e.core.internal.Bundles - 	Entry: C:\Users\dac.STUDENTSDC\Downloads\eclipse-jee-2024-12-R-win32-x86_64\eclipse\plugins\org.apache.commons.commons-codec_1.16.0.jar
2024-12-22 09:16:40,461 [Worker-3: Launching mavenrun-ce219ef2-7af4-45f3-895f-e7cea94d303e] INFO  o.eclipse.m2e.core.internal.Bundles - getClasspathEntries(Bundle=com.google.guava.failureaccess_1.0.2 [17])
2024-12-22 09:16:40,461 [Worker-3: Launching mavenrun-ce219ef2-7af4-45f3-895f-e7cea94d303e] INFO  o.eclipse.m2e.core.internal.Bundles - 	Entry: C:\Users\dac.STUDENTSDC\Downloads\eclipse-jee-2024-12-R-win32-x86_64\eclipse\plugins\com.google.guava.failureaccess_1.0.2.jar
2024-12-22 09:16:40,470 [Worker-3: Launching mavenrun-ce219ef2-7af4-45f3-895f-e7cea94d303e] INFO  o.e.m.i.launch.MavenLaunchDelegate - Run build in "C:\Users\DAC~1.STU\AppData\Local\Temp\m2e-archetypeGenerator4020685913080761932":
2024-12-22 09:16:40,480 [Worker-3: Launching mavenrun-ce219ef2-7af4-45f3-895f-e7cea94d303e] INFO  o.e.m.i.launch.MavenLaunchDelegate -  mvn  -DarchetypeGroupId=org.apache.maven.archetypes -DarchetypeArtifactId=maven-archetype-quickstart -DarchetypeVersion=1.1 -DgroupId=com -DartifactId=seleniumtest -Dversion=0.0.1-SNAPSHOT -Dpackage=com.seleniumtest -DoutputDirectory=C:\Users\dac.STUDENTSDC\Desktop\swt_os_devops\question4 -B -Dstyle.color=always -U archetype:generate
2024-12-22 09:16:50,111 [Worker-18: Creating maven-archetype-quickstart] INFO  o.e.m.c.i.p.ProjectConfigurationManager - Collecting project info '/pom.xml' C:\Users\dac.STUDENTSDC\Desktop\swt_os_devops\question4\seleniumtest\pom.xml
2024-12-22 09:16:52,095 [Worker-18: Creating maven-archetype-quickstart] INFO  o.e.m.c.i.l.LifecycleMappingFactory - Using org.eclipse.m2e.jdt.JarLifecycleMapping lifecycle mapping for MavenProject: com:seleniumtest:0.0.1-SNAPSHOT @ C:\Users\dac.STUDENTSDC\Desktop\swt_os_devops\question4\seleniumtest\pom.xml.
2024-12-22 09:16:53,262 [Worker-18: Creating maven-archetype-quickstart] INFO  o.e.m.j.i.AbstractJavaProjectConfigurator - Adding source folder /seleniumtest/src/main/java
2024-12-22 09:16:53,264 [Worker-18: Creating maven-archetype-quickstart] INFO  o.e.m.j.i.AbstractJavaProjectConfigurator - Adding resource folder /seleniumtest/src/main/resources
2024-12-22 09:16:53,273 [Worker-18: Creating maven-archetype-quickstart] INFO  o.e.m.j.i.AbstractJavaProjectConfigurator - Adding source folder /seleniumtest/src/test/java
2024-12-22 09:16:53,274 [Worker-18: Creating maven-archetype-quickstart] INFO  o.e.m.j.i.AbstractJavaProjectConfigurator - Adding resource folder /seleniumtest/src/test/resources
2024-12-22 09:16:53,427 [Worker-18: Creating maven-archetype-quickstart] INFO  o.e.m.c.i.p.ProjectConfigurationManager - Imported and configured 1 project(s) in 3 sec
2024-12-22 09:16:54,645 [Worker-24: Building] INFO  o.a.m.s.f.DefaultMavenResourcesFiltering - skip non existing resourceDirectory C:\Users\dac.STUDENTSDC\Desktop\swt_os_devops\question4\seleniumtest\src\main\resources
2024-12-22 09:16:54,651 [Worker-24: Building] INFO  o.a.m.s.f.DefaultMavenResourcesFiltering - skip non existing resourceDirectory C:\Users\dac.STUDENTSDC\Desktop\swt_os_devops\question4\seleniumtest\src\test\resources
2024-12-22 09:17:19,453 [Worker-4: Building] INFO  o.e.m.c.i.l.LifecycleMappingFactory - Using org.eclipse.m2e.jdt.JarLifecycleMapping lifecycle mapping for MavenProject: com:seleniumtest:0.0.1-SNAPSHOT @ C:\Users\dac.STUDENTSDC\Desktop\swt_os_devops\question4\seleniumtest\pom.xml.
2024-12-22 09:17:22,852 [Worker-4: Building] INFO  o.a.m.s.f.DefaultMavenResourcesFiltering - skip non existing resourceDirectory C:\Users\dac.STUDENTSDC\Desktop\swt_os_devops\question4\seleniumtest\src\main\resources
2024-12-22 09:17:22,856 [Worker-4: Building] INFO  o.a.m.s.f.DefaultMavenResourcesFiltering - skip non existing resourceDirectory C:\Users\dac.STUDENTSDC\Desktop\swt_os_devops\question4\seleniumtest\src\test\resources
2024-12-22 09:17:24,431 [Worker-9: Building] INFO  o.a.m.s.f.DefaultMavenResourcesFiltering - skip non existing resourceDirectory C:\Users\dac.STUDENTSDC\Desktop\swt_os_devops\question4\seleniumtest\src\main\resources
2024-12-22 09:17:24,435 [Worker-9: Building] INFO  o.a.m.s.f.DefaultMavenResourcesFiltering - skip non existing resourceDirectory C:\Users\dac.STUDENTSDC\Desktop\swt_os_devops\question4\seleniumtest\src\test\resources
2024-12-22 09:17:29,342 [Worker-27: Updating Maven Project] INFO  o.e.m.c.i.p.ProjectConfigurationManager - Update started
2024-12-22 09:17:29,559 [Worker-27: Updating Maven Project] INFO  o.e.m.c.i.l.LifecycleMappingFactory - Using org.eclipse.m2e.jdt.JarLifecycleMapping lifecycle mapping for MavenProject: com:seleniumtest:0.0.1-SNAPSHOT @ C:\Users\dac.STUDENTSDC\Desktop\swt_os_devops\question4\seleniumtest\pom.xml.
2024-12-22 09:17:29,853 [Worker-27: Updating Maven Project] INFO  o.e.m.j.i.AbstractJavaProjectConfigurator - Adding source folder /seleniumtest/src/main/java
2024-12-22 09:17:29,854 [Worker-27: Updating Maven Project] INFO  o.e.m.j.i.AbstractJavaProjectConfigurator - Adding resource folder /seleniumtest/src/main/resources
2024-12-22 09:17:29,855 [Worker-27: Updating Maven Project] INFO  o.e.m.j.i.AbstractJavaProjectConfigurator - Adding source folder /seleniumtest/src/test/java
2024-12-22 09:17:29,856 [Worker-27: Updating Maven Project] INFO  o.e.m.j.i.AbstractJavaProjectConfigurator - Adding resource folder /seleniumtest/src/test/resources
2024-12-22 09:17:30,030 [Worker-27: Updating Maven Project] INFO  o.e.m.c.i.p.ProjectConfigurationManager - Update completed for 1 poms: local refresh takes 0.00 sec, refresh facades takes 0.00 sec, update config takes 0.00 sec 
2024-12-22 09:17:30,242 [Worker-6: Building] INFO  o.a.m.s.f.DefaultMavenResourcesFiltering - skip non existing resourceDirectory C:\Users\dac.STUDENTSDC\Desktop\swt_os_devops\question4\seleniumtest\src\main\resources
2024-12-22 09:17:30,247 [Worker-6: Building] INFO  o.a.m.s.f.DefaultMavenResourcesFiltering - skip non existing resourceDirectory C:\Users\dac.STUDENTSDC\Desktop\swt_os_devops\question4\seleniumtest\src\test\resources
2024-12-22 09:17:48,734 [Worker-12: Building] INFO  o.a.m.s.f.DefaultMavenResourcesFiltering - skip non existing resourceDirectory C:\Users\dac.STUDENTSDC\Desktop\swt_os_devops\question4\seleniumtest\src\main\resources
2024-12-22 09:17:48,736 [Worker-12: Building] INFO  o.a.m.s.f.DefaultMavenResourcesFiltering - skip non existing resourceDirectory C:\Users\dac.STUDENTSDC\Desktop\swt_os_devops\question4\seleniumtest\src\test\resources
2024-12-22 09:18:27,362 [Worker-14: Building] INFO  o.a.m.s.f.DefaultMavenResourcesFiltering - skip non existing resourceDirectory C:\Users\dac.STUDENTSDC\Desktop\swt_os_devops\question4\seleniumtest\src\main\resources
2024-12-22 09:18:27,366 [Worker-14: Building] INFO  o.a.m.s.f.DefaultMavenResourcesFiltering - skip non existing resourceDirectory C:\Users\dac.STUDENTSDC\Desktop\swt_os_devops\question4\seleniumtest\src\test\resources
2024-12-22 09:19:58,560 [Worker-10: Building] INFO  o.a.m.s.f.DefaultMavenResourcesFiltering - skip non existing resourceDirectory C:\Users\dac.STUDENTSDC\Desktop\swt_os_devops\question4\seleniumtest\src\main\resources
2024-12-22 09:19:58,563 [Worker-10: Building] INFO  o.a.m.s.f.DefaultMavenResourcesFiltering - skip non existing resourceDirectory C:\Users\dac.STUDENTSDC\Desktop\swt_os_devops\question4\seleniumtest\src\test\resources
2024-12-22 09:20:40,989 [Worker-24: Building] INFO  o.a.m.s.f.DefaultMavenResourcesFiltering - skip non existing resourceDirectory C:\Users\dac.STUDENTSDC\Desktop\swt_os_devops\question4\seleniumtest\src\main\resources
2024-12-22 09:20:40,990 [Worker-24: Building] INFO  o.a.m.s.f.DefaultMavenResourcesFiltering - skip non existing resourceDirectory C:\Users\dac.STUDENTSDC\Desktop\swt_os_devops\question4\seleniumtest\src\test\resources
2024-12-22 09:21:55,264 [Worker-16: Building] INFO  o.a.m.s.f.DefaultMavenResourcesFiltering - skip non existing resourceDirectory C:\Users\dac.STUDENTSDC\Desktop\swt_os_devops\question4\seleniumtest\src\main\resources
2024-12-22 09:21:55,267 [Worker-16: Building] INFO  o.a.m.s.f.DefaultMavenResourcesFiltering - skip non existing resourceDirectory C:\Users\dac.STUDENTSDC\Desktop\swt_os_devops\question4\seleniumtest\src\test\resources
2024-12-22 09:22:39,911 [Worker-4: Building] INFO  o.a.m.s.f.DefaultMavenResourcesFiltering - skip non existing resourceDirectory C:\Users\dac.STUDENTSDC\Desktop\swt_os_devops\question4\seleniumtest\src\main\resources
2024-12-22 09:22:39,913 [Worker-4: Building] INFO  o.a.m.s.f.DefaultMavenResourcesFiltering - skip non existing resourceDirectory C:\Users\dac.STUDENTSDC\Desktop\swt_os_devops\question4\seleniumtest\src\test\resources
2024-12-22 09:27:13,452 [Worker-27: Building] INFO  o.a.m.s.f.DefaultMavenResourcesFiltering - skip non existing resourceDirectory C:\Users\dac.STUDENTSDC\Desktop\swt_os_devops\question4\seleniumtest\src\main\resources
2024-12-22 09:27:13,455 [Worker-27: Building] INFO  o.a.m.s.f.DefaultMavenResourcesFiltering - skip non existing resourceDirectory C:\Users\dac.STUDENTSDC\Desktop\swt_os_devops\question4\seleniumtest\src\test\resources
2024-12-22 09:27:20,090 [Worker-28: Building] INFO  o.a.m.s.f.DefaultMavenResourcesFiltering - skip non existing resourceDirectory C:\Users\dac.STUDENTSDC\Desktop\swt_os_devops\question4\seleniumtest\src\main\resources
2024-12-22 09:27:20,092 [Worker-28: Building] INFO  o.a.m.s.f.DefaultMavenResourcesFiltering - skip non existing resourceDirectory C:\Users\dac.STUDENTSDC\Desktop\swt_os_devops\question4\seleniumtest\src\test\resources
2024-12-22 09:28:40,320 [Worker-25: Building] INFO  o.a.m.s.f.DefaultMavenResourcesFiltering - skip non existing resourceDirectory C:\Users\dac.STUDENTSDC\Desktop\swt_os_devops\question4\seleniumtest\src\main\resources
2024-12-22 09:28:40,322 [Worker-25: Building] INFO  o.a.m.s.f.DefaultMavenResourcesFiltering - skip non existing resourceDirectory C:\Users\dac.STUDENTSDC\Desktop\swt_os_devops\question4\seleniumtest\src\test\resources
2024-12-22 09:28:54,708 [Worker-1: Building] INFO  o.a.m.s.f.DefaultMavenResourcesFiltering - skip non existing resourceDirectory C:\Users\dac.STUDENTSDC\Desktop\swt_os_devops\question4\seleniumtest\src\main\resources
2024-12-22 09:28:54,710 [Worker-1: Building] INFO  o.a.m.s.f.DefaultMavenResourcesFiltering - skip non existing resourceDirectory C:\Users\dac.STUDENTSDC\Desktop\swt_os_devops\question4\seleniumtest\src\test\resources
2024-12-22 09:31:02,959 [Worker-18: Building] INFO  o.a.m.s.f.DefaultMavenResourcesFiltering - skip non existing resourceDirectory C:\Users\dac.STUDENTSDC\Desktop\swt_os_devops\question4\seleniumtest\src\main\resources
2024-12-22 09:31:02,961 [Worker-18: Building] INFO  o.a.m.s.f.DefaultMavenResourcesFiltering - skip non existing resourceDirectory C:\Users\dac.STUDENTSDC\Desktop\swt_os_devops\question4\seleniumtest\src\test\resources
2024-12-22 09:31:15,337 [main] INFO  o.e.m.jdt.internal.UnitTestSupport - Updating InputValidationTest from maven configuration
2024-12-22 09:31:56,167 [Worker-28: Building] INFO  o.a.m.s.f.DefaultMavenResourcesFiltering - skip non existing resourceDirectory C:\Users\dac.STUDENTSDC\Desktop\swt_os_devops\question4\seleniumtest\src\main\resources
2024-12-22 09:31:56,169 [Worker-28: Building] INFO  o.a.m.s.f.DefaultMavenResourcesFiltering - skip non existing resourceDirectory C:\Users\dac.STUDENTSDC\Desktop\swt_os_devops\question4\seleniumtest\src\test\resources
2024-12-22 09:32:14,612 [Worker-10: Building] INFO  o.a.m.s.f.DefaultMavenResourcesFiltering - skip non existing resourceDirectory C:\Users\dac.STUDENTSDC\Desktop\swt_os_devops\question4\seleniumtest\src\main\resources
2024-12-22 09:32:14,613 [Worker-10: Building] INFO  o.a.m.s.f.DefaultMavenResourcesFiltering - skip non existing resourceDirectory C:\Users\dac.STUDENTSDC\Desktop\swt_os_devops\question4\seleniumtest\src\test\resources
2024-12-22 09:32:19,640 [Worker-31: Building] INFO  o.a.m.s.f.DefaultMavenResourcesFiltering - skip non existing resourceDirectory C:\Users\dac.STUDENTSDC\Desktop\swt_os_devops\question4\seleniumtest\src\main\resources
2024-12-22 09:32:19,642 [Worker-31: Building] INFO  o.a.m.s.f.DefaultMavenResourcesFiltering - skip non existing resourceDirectory C:\Users\dac.STUDENTSDC\Desktop\swt_os_devops\question4\seleniumtest\src\test\resources
2024-12-22 09:33:30,587 [Worker-21: Building] INFO  o.a.m.s.f.DefaultMavenResourcesFiltering - skip non existing resourceDirectory C:\Users\dac.STUDENTSDC\Desktop\swt_os_devops\question4\seleniumtest\src\main\resources
2024-12-22 09:33:30,591 [Worker-21: Building] INFO  o.a.m.s.f.DefaultMavenResourcesFiltering - skip non existing resourceDirectory C:\Users\dac.STUDENTSDC\Desktop\swt_os_devops\question4\seleniumtest\src\test\resources
2024-12-22 09:34:50,988 [Worker-18: Building] INFO  o.a.m.s.f.DefaultMavenResourcesFiltering - skip non existing resourceDirectory C:\Users\dac.STUDENTSDC\Desktop\swt_os_devops\question4\seleniumtest\src\main\resources
2024-12-22 09:34:50,990 [Worker-18: Building] INFO  o.a.m.s.f.DefaultMavenResourcesFiltering - skip non existing resourceDirectory C:\Users\dac.STUDENTSDC\Desktop\swt_os_devops\question4\seleniumtest\src\test\resources
2024-12-22 09:35:37,084 [Worker-18: Building] INFO  o.a.m.s.f.DefaultMavenResourcesFiltering - skip non existing resourceDirectory C:\Users\dac.STUDENTSDC\Desktop\swt_os_devops\question4\seleniumtest\src\main\resources
2024-12-22 09:35:37,085 [Worker-18: Building] INFO  o.a.m.s.f.DefaultMavenResourcesFiltering - skip non existing resourceDirectory C:\Users\dac.STUDENTSDC\Desktop\swt_os_devops\question4\seleniumtest\src\test\resources
2024-12-22 09:36:03,483 [Worker-28: Building] INFO  o.a.m.s.f.DefaultMavenResourcesFiltering - skip non existing resourceDirectory C:\Users\dac.STUDENTSDC\Desktop\swt_os_devops\question4\seleniumtest\src\main\resources
2024-12-22 09:36:03,484 [Worker-28: Building] INFO  o.a.m.s.f.DefaultMavenResourcesFiltering - skip non existing resourceDirectory C:\Users\dac.STUDENTSDC\Desktop\swt_os_devops\question4\seleniumtest\src\test\resources
2024-12-22 09:36:07,929 [Worker-15: Building] INFO  o.a.m.s.f.DefaultMavenResourcesFiltering - skip non existing resourceDirectory C:\Users\dac.STUDENTSDC\Desktop\swt_os_devops\question4\seleniumtest\src\main\resources
2024-12-22 09:36:07,930 [Worker-15: Building] INFO  o.a.m.s.f.DefaultMavenResourcesFiltering - skip non existing resourceDirectory C:\Users\dac.STUDENTSDC\Desktop\swt_os_devops\question4\seleniumtest\src\test\resources
